<?xml version="1.0" encoding="UTF-8"?>
<!-- Generated by org.testng.reporters.JUnitXMLReporter -->
<testsuite ignored="0" hostname="HPYogesh" failures="0" tests="3" name="Command line test" time="37.142" errors="0" timestamp="2025-04-08T23:21:39 IST">
  <testcase classname="TestLayer.SauceDemoTest" name="loginTest" time="5.189"/>
  <testcase classname="TestLayer.SauceDemoTest" name="loginTest" time="4.488"/>
  <testcase classname="TestLayer.SauceDemoTest" name="loginTest" time="13.46"/>
</testsuite> <!-- Command line test -->
