<?xml version="1.0" encoding="UTF-8"?>
<!-- Generated by org.testng.reporters.JUnitXMLReporter -->
<testsuite ignored="0" hostname="HPYogesh" failures="0" tests="3" name="TestFire" time="68.708" errors="0" timestamp="2025-04-08T19:22:10 IST">
  <testcase classname="TestLayer.SauceDemoTest" name="loginTest" time="11.192"/>
  <testcase classname="TestLayer.SauceDemoTest" name="loginTest" time="8.118"/>
  <testcase classname="TestLayer.SauceDemoTest" name="loginTest" time="9.385"/>
</testsuite> <!-- TestFire -->
