<?xml version="1.0" encoding="UTF-8"?>
<!-- Generated by org.testng.reporters.JUnitXMLReporter -->
<testsuite ignored="0" hostname="HPYogesh" failures="0" tests="3" name="TestFire" time="83.864" errors="0" timestamp="2025-04-08T23:06:35 IST">
  <testcase classname="TestLayer.SauceDemoTest" name="loginTest" time="18.523"/>
  <testcase classname="TestLayer.SauceDemoTest" name="loginTest" time="8.173"/>
  <testcase classname="TestLayer.SauceDemoTest" name="loginTest" time="8.542"/>
</testsuite> <!-- TestFire -->
