<?xml version="1.0" encoding="UTF-8"?>
<testng-results ignored="0" total="3" passed="3" failed="0" skipped="0">
  <reporter-output>
  </reporter-output>
  <suite started-at="2025-04-08T23:21:02 IST" name="TestLayer.SauceDemoTest" finished-at="2025-04-08T23:21:39 IST" duration-ms="37142">
    <groups>
    </groups>
    <test started-at="2025-04-08T23:21:02 IST" name="Command line test" finished-at="2025-04-08T23:21:39 IST" duration-ms="37142">
      <class name="TestLayer.SauceDemoTest">
        <test-method is-config="true" signature="setUp(java.lang.String)[pri:0, instance:TestLayer.SauceDemoTest@6ab7a896]" started-at="2025-04-08T23:21:04 IST" name="setUp" finished-at="2025-04-08T23:21:11 IST" duration-ms="6899" status="PASS">
          <params>
            <param index="0">
              <value>
                <![CDATA[chrome]]>
              </value>
            </param>
          </params>
          <reporter-output>
          </reporter-output>
        </test-method> <!-- setUp -->
        <test-method signature="loginTest(java.lang.String,java.lang.String)[pri:0, instance:TestLayer.SauceDemoTest@6ab7a896]" started-at="2025-04-08T23:21:11 IST" name="loginTest" data-provider="log" finished-at="2025-04-08T23:21:17 IST" duration-ms="5189" status="PASS">
          <params>
            <param index="0">
              <value>
                <![CDATA[standard_user]]>
              </value>
            </param>
            <param index="1">
              <value>
                <![CDATA[secret_sauce]]>
              </value>
            </param>
          </params>
          <reporter-output>
          </reporter-output>
        </test-method> <!-- loginTest -->
        <test-method is-config="true" signature="setUp(java.lang.String)[pri:0, instance:TestLayer.SauceDemoTest@6ab7a896]" started-at="2025-04-08T23:21:17 IST" name="setUp" finished-at="2025-04-08T23:21:19 IST" duration-ms="2406" status="PASS">
          <params>
            <param index="0">
              <value>
                <![CDATA[chrome]]>
              </value>
            </param>
          </params>
          <reporter-output>
          </reporter-output>
        </test-method> <!-- setUp -->
        <test-method signature="loginTest(java.lang.String,java.lang.String)[pri:0, instance:TestLayer.SauceDemoTest@6ab7a896]" started-at="2025-04-08T23:21:19 IST" name="loginTest" data-provider="log" finished-at="2025-04-08T23:21:23 IST" duration-ms="4488" status="PASS">
          <params>
            <param index="0">
              <value>
                <![CDATA[error_user]]>
              </value>
            </param>
            <param index="1">
              <value>
                <![CDATA[secret_sauce]]>
              </value>
            </param>
          </params>
          <reporter-output>
          </reporter-output>
        </test-method> <!-- loginTest -->
        <test-method is-config="true" signature="setUp(java.lang.String)[pri:0, instance:TestLayer.SauceDemoTest@6ab7a896]" started-at="2025-04-08T23:21:23 IST" name="setUp" finished-at="2025-04-08T23:21:26 IST" duration-ms="2487" status="PASS">
          <params>
            <param index="0">
              <value>
                <![CDATA[chrome]]>
              </value>
            </param>
          </params>
          <reporter-output>
          </reporter-output>
        </test-method> <!-- setUp -->
        <test-method signature="loginTest(java.lang.String,java.lang.String)[pri:0, instance:TestLayer.SauceDemoTest@6ab7a896]" started-at="2025-04-08T23:21:26 IST" name="loginTest" data-provider="log" finished-at="2025-04-08T23:21:39 IST" duration-ms="13460" status="PASS">
          <params>
            <param index="0">
              <value>
                <![CDATA[visual_user]]>
              </value>
            </param>
            <param index="1">
              <value>
                <![CDATA[secret_sauce]]>
              </value>
            </param>
          </params>
          <reporter-output>
          </reporter-output>
        </test-method> <!-- loginTest -->
      </class> <!-- TestLayer.SauceDemoTest -->
    </test> <!-- Command line test -->
  </suite> <!-- TestLayer.SauceDemoTest -->
</testng-results>
