<?xml version="1.0" encoding="UTF-8"?>
<testng-results ignored="0" total="3" passed="3" failed="0" skipped="0">
  <reporter-output>
  </reporter-output>
  <suite started-at="2025-04-08T18:09:01 IST" name="Suite" finished-at="2025-04-08T18:09:24 IST" duration-ms="23324">
    <groups>
    </groups>
    <test started-at="2025-04-08T18:09:01 IST" name="TestFire" finished-at="2025-04-08T18:09:24 IST" duration-ms="23324">
      <class name="TestLayer.SauceDemoTest">
        <test-method is-config="true" signature="setUp(java.lang.String)[pri:0, instance:TestLayer.SauceDemoTest@4c402120]" started-at="2025-04-08T18:09:04 IST" name="setUp" finished-at="2025-04-08T18:09:11 IST" duration-ms="6468" status="PASS">
          <params>
            <param index="0">
              <value>
                <![CDATA[chrome]]>
              </value>
            </param>
          </params>
          <reporter-output>
          </reporter-output>
        </test-method> <!-- setUp -->
        <test-method signature="loginTest(java.lang.String,java.lang.String)[pri:0, instance:TestLayer.SauceDemoTest@4c402120]" started-at="2025-04-08T18:09:11 IST" name="loginTest" data-provider="log" finished-at="2025-04-08T18:09:16 IST" duration-ms="4611" status="PASS">
          <params>
            <param index="0">
              <value>
                <![CDATA[standard_user]]>
              </value>
            </param>
            <param index="1">
              <value>
                <![CDATA[secret_sauce]]>
              </value>
            </param>
          </params>
          <reporter-output>
          </reporter-output>
        </test-method> <!-- loginTest -->
        <test-method is-config="true" signature="setUp(java.lang.String)[pri:0, instance:TestLayer.SauceDemoTest@4c402120]" started-at="2025-04-08T18:09:16 IST" name="setUp" finished-at="2025-04-08T18:09:17 IST" duration-ms="1448" status="PASS">
          <params>
            <param index="0">
              <value>
                <![CDATA[chrome]]>
              </value>
            </param>
          </params>
          <reporter-output>
          </reporter-output>
        </test-method> <!-- setUp -->
        <test-method signature="loginTest(java.lang.String,java.lang.String)[pri:0, instance:TestLayer.SauceDemoTest@4c402120]" started-at="2025-04-08T18:09:17 IST" name="loginTest" data-provider="log" finished-at="2025-04-08T18:09:20 IST" duration-ms="3182" status="PASS">
          <params>
            <param index="0">
              <value>
                <![CDATA[error_user]]>
              </value>
            </param>
            <param index="1">
              <value>
                <![CDATA[secret_sauce]]>
              </value>
            </param>
          </params>
          <reporter-output>
          </reporter-output>
        </test-method> <!-- loginTest -->
        <test-method is-config="true" signature="setUp(java.lang.String)[pri:0, instance:TestLayer.SauceDemoTest@4c402120]" started-at="2025-04-08T18:09:20 IST" name="setUp" finished-at="2025-04-08T18:09:22 IST" duration-ms="1534" status="PASS">
          <params>
            <param index="0">
              <value>
                <![CDATA[chrome]]>
              </value>
            </param>
          </params>
          <reporter-output>
          </reporter-output>
        </test-method> <!-- setUp -->
        <test-method signature="loginTest(java.lang.String,java.lang.String)[pri:0, instance:TestLayer.SauceDemoTest@4c402120]" started-at="2025-04-08T18:09:22 IST" name="loginTest" data-provider="log" finished-at="2025-04-08T18:09:24 IST" duration-ms="2461" status="PASS">
          <params>
            <param index="0">
              <value>
                <![CDATA[visual_user]]>
              </value>
            </param>
            <param index="1">
              <value>
                <![CDATA[secret_sauce]]>
              </value>
            </param>
          </params>
          <reporter-output>
          </reporter-output>
        </test-method> <!-- loginTest -->
      </class> <!-- TestLayer.SauceDemoTest -->
    </test> <!-- TestFire -->
  </suite> <!-- Suite -->
</testng-results>
