<?xml version="1.0" encoding="UTF-8"?>
<testng-results ignored="0" total="3" passed="3" failed="0" skipped="0">
  <reporter-output>
  </reporter-output>
  <suite started-at="2025-04-08T19:21:01 IST" name="Suite" finished-at="2025-04-08T19:22:10 IST" duration-ms="68708">
    <groups>
    </groups>
    <test started-at="2025-04-08T19:21:01 IST" name="TestFire" finished-at="2025-04-08T19:22:10 IST" duration-ms="68708">
      <class name="TestLayer.SauceDemoTest">
        <test-method is-config="true" signature="setUp(java.lang.String)[pri:0, instance:TestLayer.SauceDemoTest@4c402120]" started-at="2025-04-08T19:21:03 IST" name="setUp" finished-at="2025-04-08T19:21:18 IST" duration-ms="15001" status="PASS">
          <params>
            <param index="0">
              <value>
                <![CDATA[firefox]]>
              </value>
            </param>
          </params>
          <reporter-output>
          </reporter-output>
        </test-method> <!-- setUp -->
        <test-method signature="loginTest(java.lang.String,java.lang.String)[pri:0, instance:TestLayer.SauceDemoTest@4c402120]" started-at="2025-04-08T19:21:18 IST" name="loginTest" data-provider="log" finished-at="2025-04-08T19:21:29 IST" duration-ms="11192" status="PASS">
          <params>
            <param index="0">
              <value>
                <![CDATA[standard_user]]>
              </value>
            </param>
            <param index="1">
              <value>
                <![CDATA[secret_sauce]]>
              </value>
            </param>
          </params>
          <reporter-output>
          </reporter-output>
        </test-method> <!-- loginTest -->
        <test-method is-config="true" signature="setUp(java.lang.String)[pri:0, instance:TestLayer.SauceDemoTest@4c402120]" started-at="2025-04-08T19:21:29 IST" name="setUp" finished-at="2025-04-08T19:21:41 IST" duration-ms="11160" status="PASS">
          <params>
            <param index="0">
              <value>
                <![CDATA[firefox]]>
              </value>
            </param>
          </params>
          <reporter-output>
          </reporter-output>
        </test-method> <!-- setUp -->
        <test-method signature="loginTest(java.lang.String,java.lang.String)[pri:0, instance:TestLayer.SauceDemoTest@4c402120]" started-at="2025-04-08T19:21:41 IST" name="loginTest" data-provider="log" finished-at="2025-04-08T19:21:49 IST" duration-ms="8118" status="PASS">
          <params>
            <param index="0">
              <value>
                <![CDATA[error_user]]>
              </value>
            </param>
            <param index="1">
              <value>
                <![CDATA[secret_sauce]]>
              </value>
            </param>
          </params>
          <reporter-output>
          </reporter-output>
        </test-method> <!-- loginTest -->
        <test-method is-config="true" signature="setUp(java.lang.String)[pri:0, instance:TestLayer.SauceDemoTest@4c402120]" started-at="2025-04-08T19:21:49 IST" name="setUp" finished-at="2025-04-08T19:22:00 IST" duration-ms="11475" status="PASS">
          <params>
            <param index="0">
              <value>
                <![CDATA[firefox]]>
              </value>
            </param>
          </params>
          <reporter-output>
          </reporter-output>
        </test-method> <!-- setUp -->
        <test-method signature="loginTest(java.lang.String,java.lang.String)[pri:0, instance:TestLayer.SauceDemoTest@4c402120]" started-at="2025-04-08T19:22:00 IST" name="loginTest" data-provider="log" finished-at="2025-04-08T19:22:10 IST" duration-ms="9385" status="PASS">
          <params>
            <param index="0">
              <value>
                <![CDATA[visual_user]]>
              </value>
            </param>
            <param index="1">
              <value>
                <![CDATA[secret_sauce]]>
              </value>
            </param>
          </params>
          <reporter-output>
          </reporter-output>
        </test-method> <!-- loginTest -->
      </class> <!-- TestLayer.SauceDemoTest -->
    </test> <!-- TestFire -->
  </suite> <!-- Suite -->
</testng-results>
